The system is: Linux - 2.6.32-696.el6.x86_64 - x86_64
Compiling the C compiler identification source file "CMakeCCompilerId.c" succeeded.
Compiler: /opt/gcc-4.9.2/bin/gcc 
Build flags: 
Id flags:  

The output was:
0


Compilation of the C compiler identification source "CMakeCCompilerId.c" produced "a.out"

The C compiler identification is GNU, found in "/export/home/acourt/blackjack_engine/CMakeFiles/3.8.0/CompilerIdC/a.out"

Compiling the CXX compiler identification source file "CMakeCXXCompilerId.cpp" succeeded.
Compiler: /opt/gcc-4.9.2/bin/g++ 
Build flags: 
Id flags:  

The output was:
0


Compilation of the CXX compiler identification source "CMakeCXXCompilerId.cpp" produced "a.out"

The CXX compiler identification is GNU, found in "/export/home/acourt/blackjack_engine/CMakeFiles/3.8.0/CompilerIdCXX/a.out"

Determining if the C compiler works passed with the following output:
Change Dir: /export/home/acourt/blackjack_engine/CMakeFiles/CMakeTmp

Run Build Command:"/usr/bin/gmake" "cmTC_f0d25/fast"
/usr/bin/gmake -f CMakeFiles/cmTC_f0d25.dir/build.make CMakeFiles/cmTC_f0d25.dir/build
gmake[1]: Entering directory `/export/home/acourt/blackjack_engine/CMakeFiles/CMakeTmp'
Building C object CMakeFiles/cmTC_f0d25.dir/testCCompiler.c.o
/opt/gcc-4.9.2/bin/gcc    -o CMakeFiles/cmTC_f0d25.dir/testCCompiler.c.o   -c /export/home/acourt/blackjack_engine/CMakeFiles/CMakeTmp/testCCompiler.c
Linking C executable cmTC_f0d25
/export/home/acourt/cmake/cmake-3.8.0-Linux-x86_64/bin/cmake -E cmake_link_script CMakeFiles/cmTC_f0d25.dir/link.txt --verbose=1
/opt/gcc-4.9.2/bin/gcc      CMakeFiles/cmTC_f0d25.dir/testCCompiler.c.o  -o cmTC_f0d25 
gmake[1]: Leaving directory `/export/home/acourt/blackjack_engine/CMakeFiles/CMakeTmp'


Detecting C compiler ABI info compiled with the following output:
Change Dir: /export/home/acourt/blackjack_engine/CMakeFiles/CMakeTmp

Run Build Command:"/usr/bin/gmake" "cmTC_987ff/fast"
/usr/bin/gmake -f CMakeFiles/cmTC_987ff.dir/build.make CMakeFiles/cmTC_987ff.dir/build
gmake[1]: Entering directory `/export/home/acourt/blackjack_engine/CMakeFiles/CMakeTmp'
Building C object CMakeFiles/cmTC_987ff.dir/CMakeCCompilerABI.c.o
/opt/gcc-4.9.2/bin/gcc    -o CMakeFiles/cmTC_987ff.dir/CMakeCCompilerABI.c.o   -c /export/home/acourt/cmake/cmake-3.8.0-Linux-x86_64/share/cmake-3.8/Modules/CMakeCCompilerABI.c
Linking C executable cmTC_987ff
/export/home/acourt/cmake/cmake-3.8.0-Linux-x86_64/bin/cmake -E cmake_link_script CMakeFiles/cmTC_987ff.dir/link.txt --verbose=1
/opt/gcc-4.9.2/bin/gcc     -v CMakeFiles/cmTC_987ff.dir/CMakeCCompilerABI.c.o  -o cmTC_987ff 
Using built-in specs.
COLLECT_GCC=/opt/gcc-4.9.2/bin/gcc
COLLECT_LTO_WRAPPER=/opt/gcc-4.9.2/libexec/gcc/x86_64-unknown-linux-gnu/4.9.2/lto-wrapper
Target: x86_64-unknown-linux-gnu
Configured with: ./configure --prefix=/opt/gcc-4.9.2
Thread model: posix
gcc version 4.9.2 (GCC) 
COMPILER_PATH=/opt/gcc-4.9.2/libexec/gcc/x86_64-unknown-linux-gnu/4.9.2/:/opt/gcc-4.9.2/libexec/gcc/x86_64-unknown-linux-gnu/4.9.2/:/opt/gcc-4.9.2/libexec/gcc/x86_64-unknown-linux-gnu/:/opt/gcc-4.9.2/lib/gcc/x86_64-unknown-linux-gnu/4.9.2/:/opt/gcc-4.9.2/lib/gcc/x86_64-unknown-linux-gnu/
LIBRARY_PATH=/opt/gcc-4.9.2/lib/gcc/x86_64-unknown-linux-gnu/4.9.2/:/opt/gcc-4.9.2/lib/gcc/x86_64-unknown-linux-gnu/4.9.2/../../../../lib64/:/lib/../lib64/:/usr/lib/../lib64/:/opt/gcc-4.9.2/lib/gcc/x86_64-unknown-linux-gnu/4.9.2/../../../:/lib/:/usr/lib/
COLLECT_GCC_OPTIONS='-v' '-o' 'cmTC_987ff' '-mtune=generic' '-march=x86-64'
 /opt/gcc-4.9.2/libexec/gcc/x86_64-unknown-linux-gnu/4.9.2/collect2 --eh-frame-hdr -m elf_x86_64 -dynamic-linker /lib64/ld-linux-x86-64.so.2 -o cmTC_987ff /usr/lib/../lib64/crt1.o /usr/lib/../lib64/crti.o /opt/gcc-4.9.2/lib/gcc/x86_64-unknown-linux-gnu/4.9.2/crtbegin.o -L/opt/gcc-4.9.2/lib/gcc/x86_64-unknown-linux-gnu/4.9.2 -L/opt/gcc-4.9.2/lib/gcc/x86_64-unknown-linux-gnu/4.9.2/../../../../lib64 -L/lib/../lib64 -L/usr/lib/../lib64 -L/opt/gcc-4.9.2/lib/gcc/x86_64-unknown-linux-gnu/4.9.2/../../.. CMakeFiles/cmTC_987ff.dir/CMakeCCompilerABI.c.o -lgcc --as-needed -lgcc_s --no-as-needed -lc -lgcc --as-needed -lgcc_s --no-as-needed /opt/gcc-4.9.2/lib/gcc/x86_64-unknown-linux-gnu/4.9.2/crtend.o /usr/lib/../lib64/crtn.o
gmake[1]: Leaving directory `/export/home/acourt/blackjack_engine/CMakeFiles/CMakeTmp'


Parsed C implicit link information from above output:
  link line regex: [^( *|.*[/\])(ld|([^/\]+-)?ld|collect2)[^/\]*( |$)]
  ignore line: [Change Dir: /export/home/acourt/blackjack_engine/CMakeFiles/CMakeTmp]
  ignore line: []
  ignore line: [Run Build Command:"/usr/bin/gmake" "cmTC_987ff/fast"]
  ignore line: [/usr/bin/gmake -f CMakeFiles/cmTC_987ff.dir/build.make CMakeFiles/cmTC_987ff.dir/build]
  ignore line: [gmake[1]: Entering directory `/export/home/acourt/blackjack_engine/CMakeFiles/CMakeTmp']
  ignore line: [Building C object CMakeFiles/cmTC_987ff.dir/CMakeCCompilerABI.c.o]
  ignore line: [/opt/gcc-4.9.2/bin/gcc    -o CMakeFiles/cmTC_987ff.dir/CMakeCCompilerABI.c.o   -c /export/home/acourt/cmake/cmake-3.8.0-Linux-x86_64/share/cmake-3.8/Modules/CMakeCCompilerABI.c]
  ignore line: [Linking C executable cmTC_987ff]
  ignore line: [/export/home/acourt/cmake/cmake-3.8.0-Linux-x86_64/bin/cmake -E cmake_link_script CMakeFiles/cmTC_987ff.dir/link.txt --verbose=1]
  ignore line: [/opt/gcc-4.9.2/bin/gcc     -v CMakeFiles/cmTC_987ff.dir/CMakeCCompilerABI.c.o  -o cmTC_987ff ]
  ignore line: [Using built-in specs.]
  ignore line: [COLLECT_GCC=/opt/gcc-4.9.2/bin/gcc]
  ignore line: [COLLECT_LTO_WRAPPER=/opt/gcc-4.9.2/libexec/gcc/x86_64-unknown-linux-gnu/4.9.2/lto-wrapper]
  ignore line: [Target: x86_64-unknown-linux-gnu]
  ignore line: [Configured with: ./configure --prefix=/opt/gcc-4.9.2]
  ignore line: [Thread model: posix]
  ignore line: [gcc version 4.9.2 (GCC) ]
  ignore line: [COMPILER_PATH=/opt/gcc-4.9.2/libexec/gcc/x86_64-unknown-linux-gnu/4.9.2/:/opt/gcc-4.9.2/libexec/gcc/x86_64-unknown-linux-gnu/4.9.2/:/opt/gcc-4.9.2/libexec/gcc/x86_64-unknown-linux-gnu/:/opt/gcc-4.9.2/lib/gcc/x86_64-unknown-linux-gnu/4.9.2/:/opt/gcc-4.9.2/lib/gcc/x86_64-unknown-linux-gnu/]
  ignore line: [LIBRARY_PATH=/opt/gcc-4.9.2/lib/gcc/x86_64-unknown-linux-gnu/4.9.2/:/opt/gcc-4.9.2/lib/gcc/x86_64-unknown-linux-gnu/4.9.2/../../../../lib64/:/lib/../lib64/:/usr/lib/../lib64/:/opt/gcc-4.9.2/lib/gcc/x86_64-unknown-linux-gnu/4.9.2/../../../:/lib/:/usr/lib/]
  ignore line: [COLLECT_GCC_OPTIONS='-v' '-o' 'cmTC_987ff' '-mtune=generic' '-march=x86-64']
  link line: [ /opt/gcc-4.9.2/libexec/gcc/x86_64-unknown-linux-gnu/4.9.2/collect2 --eh-frame-hdr -m elf_x86_64 -dynamic-linker /lib64/ld-linux-x86-64.so.2 -o cmTC_987ff /usr/lib/../lib64/crt1.o /usr/lib/../lib64/crti.o /opt/gcc-4.9.2/lib/gcc/x86_64-unknown-linux-gnu/4.9.2/crtbegin.o -L/opt/gcc-4.9.2/lib/gcc/x86_64-unknown-linux-gnu/4.9.2 -L/opt/gcc-4.9.2/lib/gcc/x86_64-unknown-linux-gnu/4.9.2/../../../../lib64 -L/lib/../lib64 -L/usr/lib/../lib64 -L/opt/gcc-4.9.2/lib/gcc/x86_64-unknown-linux-gnu/4.9.2/../../.. CMakeFiles/cmTC_987ff.dir/CMakeCCompilerABI.c.o -lgcc --as-needed -lgcc_s --no-as-needed -lc -lgcc --as-needed -lgcc_s --no-as-needed /opt/gcc-4.9.2/lib/gcc/x86_64-unknown-linux-gnu/4.9.2/crtend.o /usr/lib/../lib64/crtn.o]
    arg [/opt/gcc-4.9.2/libexec/gcc/x86_64-unknown-linux-gnu/4.9.2/collect2] ==> ignore
    arg [--eh-frame-hdr] ==> ignore
    arg [-m] ==> ignore
    arg [elf_x86_64] ==> ignore
    arg [-dynamic-linker] ==> ignore
    arg [/lib64/ld-linux-x86-64.so.2] ==> ignore
    arg [-o] ==> ignore
    arg [cmTC_987ff] ==> ignore
    arg [/usr/lib/../lib64/crt1.o] ==> ignore
    arg [/usr/lib/../lib64/crti.o] ==> ignore
    arg [/opt/gcc-4.9.2/lib/gcc/x86_64-unknown-linux-gnu/4.9.2/crtbegin.o] ==> ignore
    arg [-L/opt/gcc-4.9.2/lib/gcc/x86_64-unknown-linux-gnu/4.9.2] ==> dir [/opt/gcc-4.9.2/lib/gcc/x86_64-unknown-linux-gnu/4.9.2]
    arg [-L/opt/gcc-4.9.2/lib/gcc/x86_64-unknown-linux-gnu/4.9.2/../../../../lib64] ==> dir [/opt/gcc-4.9.2/lib/gcc/x86_64-unknown-linux-gnu/4.9.2/../../../../lib64]
    arg [-L/lib/../lib64] ==> dir [/lib/../lib64]
    arg [-L/usr/lib/../lib64] ==> dir [/usr/lib/../lib64]
    arg [-L/opt/gcc-4.9.2/lib/gcc/x86_64-unknown-linux-gnu/4.9.2/../../..] ==> dir [/opt/gcc-4.9.2/lib/gcc/x86_64-unknown-linux-gnu/4.9.2/../../..]
    arg [CMakeFiles/cmTC_987ff.dir/CMakeCCompilerABI.c.o] ==> ignore
    arg [-lgcc] ==> lib [gcc]
    arg [--as-needed] ==> ignore
    arg [-lgcc_s] ==> lib [gcc_s]
    arg [--no-as-needed] ==> ignore
    arg [-lc] ==> lib [c]
    arg [-lgcc] ==> lib [gcc]
    arg [--as-needed] ==> ignore
    arg [-lgcc_s] ==> lib [gcc_s]
    arg [--no-as-needed] ==> ignore
    arg [/opt/gcc-4.9.2/lib/gcc/x86_64-unknown-linux-gnu/4.9.2/crtend.o] ==> ignore
    arg [/usr/lib/../lib64/crtn.o] ==> ignore
  remove lib [gcc]
  remove lib [gcc_s]
  remove lib [gcc]
  remove lib [gcc_s]
  collapse library dir [/opt/gcc-4.9.2/lib/gcc/x86_64-unknown-linux-gnu/4.9.2] ==> [/opt/gcc-4.9.2/lib/gcc/x86_64-unknown-linux-gnu/4.9.2]
  collapse library dir [/opt/gcc-4.9.2/lib/gcc/x86_64-unknown-linux-gnu/4.9.2/../../../../lib64] ==> [/opt/gcc-4.9.2/lib64]
  collapse library dir [/lib/../lib64] ==> [/lib64]
  collapse library dir [/usr/lib/../lib64] ==> [/usr/lib64]
  collapse library dir [/opt/gcc-4.9.2/lib/gcc/x86_64-unknown-linux-gnu/4.9.2/../../..] ==> [/opt/gcc-4.9.2/lib]
  implicit libs: [c]
  implicit dirs: [/opt/gcc-4.9.2/lib/gcc/x86_64-unknown-linux-gnu/4.9.2;/opt/gcc-4.9.2/lib64;/lib64;/usr/lib64;/opt/gcc-4.9.2/lib]
  implicit fwks: []




Detecting C [-std=c11] compiler features compiled with the following output:
Change Dir: /export/home/acourt/blackjack_engine/CMakeFiles/CMakeTmp

Run Build Command:"/usr/bin/gmake" "cmTC_dd065/fast"
/usr/bin/gmake -f CMakeFiles/cmTC_dd065.dir/build.make CMakeFiles/cmTC_dd065.dir/build
gmake[1]: Entering directory `/export/home/acourt/blackjack_engine/CMakeFiles/CMakeTmp'
Building C object CMakeFiles/cmTC_dd065.dir/feature_tests.c.o
/opt/gcc-4.9.2/bin/gcc   -std=c11 -o CMakeFiles/cmTC_dd065.dir/feature_tests.c.o   -c /export/home/acourt/blackjack_engine/CMakeFiles/feature_tests.c
Linking C executable cmTC_dd065
/export/home/acourt/cmake/cmake-3.8.0-Linux-x86_64/bin/cmake -E cmake_link_script CMakeFiles/cmTC_dd065.dir/link.txt --verbose=1
/opt/gcc-4.9.2/bin/gcc      CMakeFiles/cmTC_dd065.dir/feature_tests.c.o  -o cmTC_dd065 
gmake[1]: Leaving directory `/export/home/acourt/blackjack_engine/CMakeFiles/CMakeTmp'


    Feature record: C_FEATURE:1c_function_prototypes
    Feature record: C_FEATURE:1c_restrict
    Feature record: C_FEATURE:1c_static_assert
    Feature record: C_FEATURE:1c_variadic_macros


Detecting C [-std=c99] compiler features compiled with the following output:
Change Dir: /export/home/acourt/blackjack_engine/CMakeFiles/CMakeTmp

Run Build Command:"/usr/bin/gmake" "cmTC_9b205/fast"
/usr/bin/gmake -f CMakeFiles/cmTC_9b205.dir/build.make CMakeFiles/cmTC_9b205.dir/build
gmake[1]: Entering directory `/export/home/acourt/blackjack_engine/CMakeFiles/CMakeTmp'
Building C object CMakeFiles/cmTC_9b205.dir/feature_tests.c.o
/opt/gcc-4.9.2/bin/gcc   -std=c99 -o CMakeFiles/cmTC_9b205.dir/feature_tests.c.o   -c /export/home/acourt/blackjack_engine/CMakeFiles/feature_tests.c
Linking C executable cmTC_9b205
/export/home/acourt/cmake/cmake-3.8.0-Linux-x86_64/bin/cmake -E cmake_link_script CMakeFiles/cmTC_9b205.dir/link.txt --verbose=1
/opt/gcc-4.9.2/bin/gcc      CMakeFiles/cmTC_9b205.dir/feature_tests.c.o  -o cmTC_9b205 
gmake[1]: Leaving directory `/export/home/acourt/blackjack_engine/CMakeFiles/CMakeTmp'


    Feature record: C_FEATURE:1c_function_prototypes
    Feature record: C_FEATURE:1c_restrict
    Feature record: C_FEATURE:0c_static_assert
    Feature record: C_FEATURE:1c_variadic_macros


Detecting C [-std=c90] compiler features compiled with the following output:
Change Dir: /export/home/acourt/blackjack_engine/CMakeFiles/CMakeTmp

Run Build Command:"/usr/bin/gmake" "cmTC_4d283/fast"
/usr/bin/gmake -f CMakeFiles/cmTC_4d283.dir/build.make CMakeFiles/cmTC_4d283.dir/build
gmake[1]: Entering directory `/export/home/acourt/blackjack_engine/CMakeFiles/CMakeTmp'
Building C object CMakeFiles/cmTC_4d283.dir/feature_tests.c.o
/opt/gcc-4.9.2/bin/gcc   -std=c90 -o CMakeFiles/cmTC_4d283.dir/feature_tests.c.o   -c /export/home/acourt/blackjack_engine/CMakeFiles/feature_tests.c
Linking C executable cmTC_4d283
/export/home/acourt/cmake/cmake-3.8.0-Linux-x86_64/bin/cmake -E cmake_link_script CMakeFiles/cmTC_4d283.dir/link.txt --verbose=1
/opt/gcc-4.9.2/bin/gcc      CMakeFiles/cmTC_4d283.dir/feature_tests.c.o  -o cmTC_4d283 
gmake[1]: Leaving directory `/export/home/acourt/blackjack_engine/CMakeFiles/CMakeTmp'


    Feature record: C_FEATURE:1c_function_prototypes
    Feature record: C_FEATURE:0c_restrict
    Feature record: C_FEATURE:0c_static_assert
    Feature record: C_FEATURE:0c_variadic_macros
Determining if the CXX compiler works passed with the following output:
Change Dir: /export/home/acourt/blackjack_engine/CMakeFiles/CMakeTmp

Run Build Command:"/usr/bin/gmake" "cmTC_0de70/fast"
/usr/bin/gmake -f CMakeFiles/cmTC_0de70.dir/build.make CMakeFiles/cmTC_0de70.dir/build
gmake[1]: Entering directory `/export/home/acourt/blackjack_engine/CMakeFiles/CMakeTmp'
Building CXX object CMakeFiles/cmTC_0de70.dir/testCXXCompiler.cxx.o
/opt/gcc-4.9.2/bin/g++     -o CMakeFiles/cmTC_0de70.dir/testCXXCompiler.cxx.o -c /export/home/acourt/blackjack_engine/CMakeFiles/CMakeTmp/testCXXCompiler.cxx
Linking CXX executable cmTC_0de70
/export/home/acourt/cmake/cmake-3.8.0-Linux-x86_64/bin/cmake -E cmake_link_script CMakeFiles/cmTC_0de70.dir/link.txt --verbose=1
/opt/gcc-4.9.2/bin/g++       CMakeFiles/cmTC_0de70.dir/testCXXCompiler.cxx.o  -o cmTC_0de70 
gmake[1]: Leaving directory `/export/home/acourt/blackjack_engine/CMakeFiles/CMakeTmp'


Detecting CXX compiler ABI info compiled with the following output:
Change Dir: /export/home/acourt/blackjack_engine/CMakeFiles/CMakeTmp

Run Build Command:"/usr/bin/gmake" "cmTC_53966/fast"
/usr/bin/gmake -f CMakeFiles/cmTC_53966.dir/build.make CMakeFiles/cmTC_53966.dir/build
gmake[1]: Entering directory `/export/home/acourt/blackjack_engine/CMakeFiles/CMakeTmp'
Building CXX object CMakeFiles/cmTC_53966.dir/CMakeCXXCompilerABI.cpp.o
/opt/gcc-4.9.2/bin/g++     -o CMakeFiles/cmTC_53966.dir/CMakeCXXCompilerABI.cpp.o -c /export/home/acourt/cmake/cmake-3.8.0-Linux-x86_64/share/cmake-3.8/Modules/CMakeCXXCompilerABI.cpp
Linking CXX executable cmTC_53966
/export/home/acourt/cmake/cmake-3.8.0-Linux-x86_64/bin/cmake -E cmake_link_script CMakeFiles/cmTC_53966.dir/link.txt --verbose=1
/opt/gcc-4.9.2/bin/g++      -v CMakeFiles/cmTC_53966.dir/CMakeCXXCompilerABI.cpp.o  -o cmTC_53966 
Using built-in specs.
COLLECT_GCC=/opt/gcc-4.9.2/bin/g++
COLLECT_LTO_WRAPPER=/opt/gcc-4.9.2/libexec/gcc/x86_64-unknown-linux-gnu/4.9.2/lto-wrapper
Target: x86_64-unknown-linux-gnu
Configured with: ./configure --prefix=/opt/gcc-4.9.2
Thread model: posix
gcc version 4.9.2 (GCC) 
COMPILER_PATH=/opt/gcc-4.9.2/libexec/gcc/x86_64-unknown-linux-gnu/4.9.2/:/opt/gcc-4.9.2/libexec/gcc/x86_64-unknown-linux-gnu/4.9.2/:/opt/gcc-4.9.2/libexec/gcc/x86_64-unknown-linux-gnu/:/opt/gcc-4.9.2/lib/gcc/x86_64-unknown-linux-gnu/4.9.2/:/opt/gcc-4.9.2/lib/gcc/x86_64-unknown-linux-gnu/
LIBRARY_PATH=/opt/gcc-4.9.2/lib/gcc/x86_64-unknown-linux-gnu/4.9.2/:/opt/gcc-4.9.2/lib/gcc/x86_64-unknown-linux-gnu/4.9.2/../../../../lib64/:/lib/../lib64/:/usr/lib/../lib64/:/opt/gcc-4.9.2/lib/gcc/x86_64-unknown-linux-gnu/4.9.2/../../../:/lib/:/usr/lib/
COLLECT_GCC_OPTIONS='-v' '-o' 'cmTC_53966' '-shared-libgcc' '-mtune=generic' '-march=x86-64'
 /opt/gcc-4.9.2/libexec/gcc/x86_64-unknown-linux-gnu/4.9.2/collect2 --eh-frame-hdr -m elf_x86_64 -dynamic-linker /lib64/ld-linux-x86-64.so.2 -o cmTC_53966 /usr/lib/../lib64/crt1.o /usr/lib/../lib64/crti.o /opt/gcc-4.9.2/lib/gcc/x86_64-unknown-linux-gnu/4.9.2/crtbegin.o -L/opt/gcc-4.9.2/lib/gcc/x86_64-unknown-linux-gnu/4.9.2 -L/opt/gcc-4.9.2/lib/gcc/x86_64-unknown-linux-gnu/4.9.2/../../../../lib64 -L/lib/../lib64 -L/usr/lib/../lib64 -L/opt/gcc-4.9.2/lib/gcc/x86_64-unknown-linux-gnu/4.9.2/../../.. CMakeFiles/cmTC_53966.dir/CMakeCXXCompilerABI.cpp.o -lstdc++ -lm -lgcc_s -lgcc -lc -lgcc_s -lgcc /opt/gcc-4.9.2/lib/gcc/x86_64-unknown-linux-gnu/4.9.2/crtend.o /usr/lib/../lib64/crtn.o
gmake[1]: Leaving directory `/export/home/acourt/blackjack_engine/CMakeFiles/CMakeTmp'


Parsed CXX implicit link information from above output:
  link line regex: [^( *|.*[/\])(ld|([^/\]+-)?ld|collect2)[^/\]*( |$)]
  ignore line: [Change Dir: /export/home/acourt/blackjack_engine/CMakeFiles/CMakeTmp]
  ignore line: []
  ignore line: [Run Build Command:"/usr/bin/gmake" "cmTC_53966/fast"]
  ignore line: [/usr/bin/gmake -f CMakeFiles/cmTC_53966.dir/build.make CMakeFiles/cmTC_53966.dir/build]
  ignore line: [gmake[1]: Entering directory `/export/home/acourt/blackjack_engine/CMakeFiles/CMakeTmp']
  ignore line: [Building CXX object CMakeFiles/cmTC_53966.dir/CMakeCXXCompilerABI.cpp.o]
  ignore line: [/opt/gcc-4.9.2/bin/g++     -o CMakeFiles/cmTC_53966.dir/CMakeCXXCompilerABI.cpp.o -c /export/home/acourt/cmake/cmake-3.8.0-Linux-x86_64/share/cmake-3.8/Modules/CMakeCXXCompilerABI.cpp]
  ignore line: [Linking CXX executable cmTC_53966]
  ignore line: [/export/home/acourt/cmake/cmake-3.8.0-Linux-x86_64/bin/cmake -E cmake_link_script CMakeFiles/cmTC_53966.dir/link.txt --verbose=1]
  ignore line: [/opt/gcc-4.9.2/bin/g++      -v CMakeFiles/cmTC_53966.dir/CMakeCXXCompilerABI.cpp.o  -o cmTC_53966 ]
  ignore line: [Using built-in specs.]
  ignore line: [COLLECT_GCC=/opt/gcc-4.9.2/bin/g++]
  ignore line: [COLLECT_LTO_WRAPPER=/opt/gcc-4.9.2/libexec/gcc/x86_64-unknown-linux-gnu/4.9.2/lto-wrapper]
  ignore line: [Target: x86_64-unknown-linux-gnu]
  ignore line: [Configured with: ./configure --prefix=/opt/gcc-4.9.2]
  ignore line: [Thread model: posix]
  ignore line: [gcc version 4.9.2 (GCC) ]
  ignore line: [COMPILER_PATH=/opt/gcc-4.9.2/libexec/gcc/x86_64-unknown-linux-gnu/4.9.2/:/opt/gcc-4.9.2/libexec/gcc/x86_64-unknown-linux-gnu/4.9.2/:/opt/gcc-4.9.2/libexec/gcc/x86_64-unknown-linux-gnu/:/opt/gcc-4.9.2/lib/gcc/x86_64-unknown-linux-gnu/4.9.2/:/opt/gcc-4.9.2/lib/gcc/x86_64-unknown-linux-gnu/]
  ignore line: [LIBRARY_PATH=/opt/gcc-4.9.2/lib/gcc/x86_64-unknown-linux-gnu/4.9.2/:/opt/gcc-4.9.2/lib/gcc/x86_64-unknown-linux-gnu/4.9.2/../../../../lib64/:/lib/../lib64/:/usr/lib/../lib64/:/opt/gcc-4.9.2/lib/gcc/x86_64-unknown-linux-gnu/4.9.2/../../../:/lib/:/usr/lib/]
  ignore line: [COLLECT_GCC_OPTIONS='-v' '-o' 'cmTC_53966' '-shared-libgcc' '-mtune=generic' '-march=x86-64']
  link line: [ /opt/gcc-4.9.2/libexec/gcc/x86_64-unknown-linux-gnu/4.9.2/collect2 --eh-frame-hdr -m elf_x86_64 -dynamic-linker /lib64/ld-linux-x86-64.so.2 -o cmTC_53966 /usr/lib/../lib64/crt1.o /usr/lib/../lib64/crti.o /opt/gcc-4.9.2/lib/gcc/x86_64-unknown-linux-gnu/4.9.2/crtbegin.o -L/opt/gcc-4.9.2/lib/gcc/x86_64-unknown-linux-gnu/4.9.2 -L/opt/gcc-4.9.2/lib/gcc/x86_64-unknown-linux-gnu/4.9.2/../../../../lib64 -L/lib/../lib64 -L/usr/lib/../lib64 -L/opt/gcc-4.9.2/lib/gcc/x86_64-unknown-linux-gnu/4.9.2/../../.. CMakeFiles/cmTC_53966.dir/CMakeCXXCompilerABI.cpp.o -lstdc++ -lm -lgcc_s -lgcc -lc -lgcc_s -lgcc /opt/gcc-4.9.2/lib/gcc/x86_64-unknown-linux-gnu/4.9.2/crtend.o /usr/lib/../lib64/crtn.o]
    arg [/opt/gcc-4.9.2/libexec/gcc/x86_64-unknown-linux-gnu/4.9.2/collect2] ==> ignore
    arg [--eh-frame-hdr] ==> ignore
    arg [-m] ==> ignore
    arg [elf_x86_64] ==> ignore
    arg [-dynamic-linker] ==> ignore
    arg [/lib64/ld-linux-x86-64.so.2] ==> ignore
    arg [-o] ==> ignore
    arg [cmTC_53966] ==> ignore
    arg [/usr/lib/../lib64/crt1.o] ==> ignore
    arg [/usr/lib/../lib64/crti.o] ==> ignore
    arg [/opt/gcc-4.9.2/lib/gcc/x86_64-unknown-linux-gnu/4.9.2/crtbegin.o] ==> ignore
    arg [-L/opt/gcc-4.9.2/lib/gcc/x86_64-unknown-linux-gnu/4.9.2] ==> dir [/opt/gcc-4.9.2/lib/gcc/x86_64-unknown-linux-gnu/4.9.2]
    arg [-L/opt/gcc-4.9.2/lib/gcc/x86_64-unknown-linux-gnu/4.9.2/../../../../lib64] ==> dir [/opt/gcc-4.9.2/lib/gcc/x86_64-unknown-linux-gnu/4.9.2/../../../../lib64]
    arg [-L/lib/../lib64] ==> dir [/lib/../lib64]
    arg [-L/usr/lib/../lib64] ==> dir [/usr/lib/../lib64]
    arg [-L/opt/gcc-4.9.2/lib/gcc/x86_64-unknown-linux-gnu/4.9.2/../../..] ==> dir [/opt/gcc-4.9.2/lib/gcc/x86_64-unknown-linux-gnu/4.9.2/../../..]
    arg [CMakeFiles/cmTC_53966.dir/CMakeCXXCompilerABI.cpp.o] ==> ignore
    arg [-lstdc++] ==> lib [stdc++]
    arg [-lm] ==> lib [m]
    arg [-lgcc_s] ==> lib [gcc_s]
    arg [-lgcc] ==> lib [gcc]
    arg [-lc] ==> lib [c]
    arg [-lgcc_s] ==> lib [gcc_s]
    arg [-lgcc] ==> lib [gcc]
    arg [/opt/gcc-4.9.2/lib/gcc/x86_64-unknown-linux-gnu/4.9.2/crtend.o] ==> ignore
    arg [/usr/lib/../lib64/crtn.o] ==> ignore
  remove lib [gcc_s]
  remove lib [gcc]
  remove lib [gcc_s]
  remove lib [gcc]
  collapse library dir [/opt/gcc-4.9.2/lib/gcc/x86_64-unknown-linux-gnu/4.9.2] ==> [/opt/gcc-4.9.2/lib/gcc/x86_64-unknown-linux-gnu/4.9.2]
  collapse library dir [/opt/gcc-4.9.2/lib/gcc/x86_64-unknown-linux-gnu/4.9.2/../../../../lib64] ==> [/opt/gcc-4.9.2/lib64]
  collapse library dir [/lib/../lib64] ==> [/lib64]
  collapse library dir [/usr/lib/../lib64] ==> [/usr/lib64]
  collapse library dir [/opt/gcc-4.9.2/lib/gcc/x86_64-unknown-linux-gnu/4.9.2/../../..] ==> [/opt/gcc-4.9.2/lib]
  implicit libs: [stdc++;m;c]
  implicit dirs: [/opt/gcc-4.9.2/lib/gcc/x86_64-unknown-linux-gnu/4.9.2;/opt/gcc-4.9.2/lib64;/lib64;/usr/lib64;/opt/gcc-4.9.2/lib]
  implicit fwks: []




Detecting CXX [-std=c++14] compiler features compiled with the following output:
Change Dir: /export/home/acourt/blackjack_engine/CMakeFiles/CMakeTmp

Run Build Command:"/usr/bin/gmake" "cmTC_000f7/fast"
/usr/bin/gmake -f CMakeFiles/cmTC_000f7.dir/build.make CMakeFiles/cmTC_000f7.dir/build
gmake[1]: Entering directory `/export/home/acourt/blackjack_engine/CMakeFiles/CMakeTmp'
Building CXX object CMakeFiles/cmTC_000f7.dir/feature_tests.cxx.o
/opt/gcc-4.9.2/bin/g++    -std=c++14 -o CMakeFiles/cmTC_000f7.dir/feature_tests.cxx.o -c /export/home/acourt/blackjack_engine/CMakeFiles/feature_tests.cxx
Linking CXX executable cmTC_000f7
/export/home/acourt/cmake/cmake-3.8.0-Linux-x86_64/bin/cmake -E cmake_link_script CMakeFiles/cmTC_000f7.dir/link.txt --verbose=1
/opt/gcc-4.9.2/bin/g++       CMakeFiles/cmTC_000f7.dir/feature_tests.cxx.o  -o cmTC_000f7 
gmake[1]: Leaving directory `/export/home/acourt/blackjack_engine/CMakeFiles/CMakeTmp'


    Feature record: CXX_FEATURE:0cxx_aggregate_default_initializers
    Feature record: CXX_FEATURE:1cxx_alias_templates
    Feature record: CXX_FEATURE:1cxx_alignas
    Feature record: CXX_FEATURE:1cxx_alignof
    Feature record: CXX_FEATURE:1cxx_attributes
    Feature record: CXX_FEATURE:1cxx_attribute_deprecated
    Feature record: CXX_FEATURE:1cxx_auto_type
    Feature record: CXX_FEATURE:1cxx_binary_literals
    Feature record: CXX_FEATURE:1cxx_constexpr
    Feature record: CXX_FEATURE:1cxx_contextual_conversions
    Feature record: CXX_FEATURE:1cxx_decltype
    Feature record: CXX_FEATURE:1cxx_decltype_auto
    Feature record: CXX_FEATURE:1cxx_decltype_incomplete_return_types
    Feature record: CXX_FEATURE:1cxx_default_function_template_args
    Feature record: CXX_FEATURE:1cxx_defaulted_functions
    Feature record: CXX_FEATURE:1cxx_defaulted_move_initializers
    Feature record: CXX_FEATURE:1cxx_delegating_constructors
    Feature record: CXX_FEATURE:1cxx_deleted_functions
    Feature record: CXX_FEATURE:1cxx_digit_separators
    Feature record: CXX_FEATURE:1cxx_enum_forward_declarations
    Feature record: CXX_FEATURE:1cxx_explicit_conversions
    Feature record: CXX_FEATURE:1cxx_extended_friend_declarations
    Feature record: CXX_FEATURE:1cxx_extern_templates
    Feature record: CXX_FEATURE:1cxx_final
    Feature record: CXX_FEATURE:1cxx_func_identifier
    Feature record: CXX_FEATURE:1cxx_generalized_initializers
    Feature record: CXX_FEATURE:1cxx_generic_lambdas
    Feature record: CXX_FEATURE:1cxx_inheriting_constructors
    Feature record: CXX_FEATURE:1cxx_inline_namespaces
    Feature record: CXX_FEATURE:1cxx_lambdas
    Feature record: CXX_FEATURE:1cxx_lambda_init_captures
    Feature record: CXX_FEATURE:1cxx_local_type_template_args
    Feature record: CXX_FEATURE:1cxx_long_long_type
    Feature record: CXX_FEATURE:1cxx_noexcept
    Feature record: CXX_FEATURE:1cxx_nonstatic_member_init
    Feature record: CXX_FEATURE:1cxx_nullptr
    Feature record: CXX_FEATURE:1cxx_override
    Feature record: CXX_FEATURE:1cxx_range_for
    Feature record: CXX_FEATURE:1cxx_raw_string_literals
    Feature record: CXX_FEATURE:1cxx_reference_qualified_functions
    Feature record: CXX_FEATURE:0cxx_relaxed_constexpr
    Feature record: CXX_FEATURE:1cxx_return_type_deduction
    Feature record: CXX_FEATURE:1cxx_right_angle_brackets
    Feature record: CXX_FEATURE:1cxx_rvalue_references
    Feature record: CXX_FEATURE:1cxx_sizeof_member
    Feature record: CXX_FEATURE:1cxx_static_assert
    Feature record: CXX_FEATURE:1cxx_strong_enums
    Feature record: CXX_FEATURE:1cxx_template_template_parameters
    Feature record: CXX_FEATURE:1cxx_thread_local
    Feature record: CXX_FEATURE:1cxx_trailing_return_types
    Feature record: CXX_FEATURE:1cxx_unicode_literals
    Feature record: CXX_FEATURE:1cxx_uniform_initialization
    Feature record: CXX_FEATURE:1cxx_unrestricted_unions
    Feature record: CXX_FEATURE:1cxx_user_literals
    Feature record: CXX_FEATURE:0cxx_variable_templates
    Feature record: CXX_FEATURE:1cxx_variadic_macros
    Feature record: CXX_FEATURE:1cxx_variadic_templates


Detecting CXX [-std=c++11] compiler features compiled with the following output:
Change Dir: /export/home/acourt/blackjack_engine/CMakeFiles/CMakeTmp

Run Build Command:"/usr/bin/gmake" "cmTC_521f6/fast"
/usr/bin/gmake -f CMakeFiles/cmTC_521f6.dir/build.make CMakeFiles/cmTC_521f6.dir/build
gmake[1]: Entering directory `/export/home/acourt/blackjack_engine/CMakeFiles/CMakeTmp'
Building CXX object CMakeFiles/cmTC_521f6.dir/feature_tests.cxx.o
/opt/gcc-4.9.2/bin/g++    -std=c++11 -o CMakeFiles/cmTC_521f6.dir/feature_tests.cxx.o -c /export/home/acourt/blackjack_engine/CMakeFiles/feature_tests.cxx
Linking CXX executable cmTC_521f6
/export/home/acourt/cmake/cmake-3.8.0-Linux-x86_64/bin/cmake -E cmake_link_script CMakeFiles/cmTC_521f6.dir/link.txt --verbose=1
/opt/gcc-4.9.2/bin/g++       CMakeFiles/cmTC_521f6.dir/feature_tests.cxx.o  -o cmTC_521f6 
gmake[1]: Leaving directory `/export/home/acourt/blackjack_engine/CMakeFiles/CMakeTmp'


    Feature record: CXX_FEATURE:0cxx_aggregate_default_initializers
    Feature record: CXX_FEATURE:1cxx_alias_templates
    Feature record: CXX_FEATURE:1cxx_alignas
    Feature record: CXX_FEATURE:1cxx_alignof
    Feature record: CXX_FEATURE:1cxx_attributes
    Feature record: CXX_FEATURE:0cxx_attribute_deprecated
    Feature record: CXX_FEATURE:1cxx_auto_type
    Feature record: CXX_FEATURE:0cxx_binary_literals
    Feature record: CXX_FEATURE:1cxx_constexpr
    Feature record: CXX_FEATURE:0cxx_contextual_conversions
    Feature record: CXX_FEATURE:1cxx_decltype
    Feature record: CXX_FEATURE:0cxx_decltype_auto
    Feature record: CXX_FEATURE:1cxx_decltype_incomplete_return_types
    Feature record: CXX_FEATURE:1cxx_default_function_template_args
    Feature record: CXX_FEATURE:1cxx_defaulted_functions
    Feature record: CXX_FEATURE:1cxx_defaulted_move_initializers
    Feature record: CXX_FEATURE:1cxx_delegating_constructors
    Feature record: CXX_FEATURE:1cxx_deleted_functions
    Feature record: CXX_FEATURE:0cxx_digit_separators
    Feature record: CXX_FEATURE:1cxx_enum_forward_declarations
    Feature record: CXX_FEATURE:1cxx_explicit_conversions
    Feature record: CXX_FEATURE:1cxx_extended_friend_declarations
    Feature record: CXX_FEATURE:1cxx_extern_templates
    Feature record: CXX_FEATURE:1cxx_final
    Feature record: CXX_FEATURE:1cxx_func_identifier
    Feature record: CXX_FEATURE:1cxx_generalized_initializers
    Feature record: CXX_FEATURE:0cxx_generic_lambdas
    Feature record: CXX_FEATURE:1cxx_inheriting_constructors
    Feature record: CXX_FEATURE:1cxx_inline_namespaces
    Feature record: CXX_FEATURE:1cxx_lambdas
    Feature record: CXX_FEATURE:0cxx_lambda_init_captures
    Feature record: CXX_FEATURE:1cxx_local_type_template_args
    Feature record: CXX_FEATURE:1cxx_long_long_type
    Feature record: CXX_FEATURE:1cxx_noexcept
    Feature record: CXX_FEATURE:1cxx_nonstatic_member_init
    Feature record: CXX_FEATURE:1cxx_nullptr
    Feature record: CXX_FEATURE:1cxx_override
    Feature record: CXX_FEATURE:1cxx_range_for
    Feature record: CXX_FEATURE:1cxx_raw_string_literals
    Feature record: CXX_FEATURE:1cxx_reference_qualified_functions
    Feature record: CXX_FEATURE:0cxx_relaxed_constexpr
    Feature record: CXX_FEATURE:0cxx_return_type_deduction
    Feature record: CXX_FEATURE:1cxx_right_angle_brackets
    Feature record: CXX_FEATURE:1cxx_rvalue_references
    Feature record: CXX_FEATURE:1cxx_sizeof_member
    Feature record: CXX_FEATURE:1cxx_static_assert
    Feature record: CXX_FEATURE:1cxx_strong_enums
    Feature record: CXX_FEATURE:1cxx_template_template_parameters
    Feature record: CXX_FEATURE:1cxx_thread_local
    Feature record: CXX_FEATURE:1cxx_trailing_return_types
    Feature record: CXX_FEATURE:1cxx_unicode_literals
    Feature record: CXX_FEATURE:1cxx_uniform_initialization
    Feature record: CXX_FEATURE:1cxx_unrestricted_unions
    Feature record: CXX_FEATURE:1cxx_user_literals
    Feature record: CXX_FEATURE:0cxx_variable_templates
    Feature record: CXX_FEATURE:1cxx_variadic_macros
    Feature record: CXX_FEATURE:1cxx_variadic_templates


Detecting CXX [-std=c++98] compiler features compiled with the following output:
Change Dir: /export/home/acourt/blackjack_engine/CMakeFiles/CMakeTmp

Run Build Command:"/usr/bin/gmake" "cmTC_f7c77/fast"
/usr/bin/gmake -f CMakeFiles/cmTC_f7c77.dir/build.make CMakeFiles/cmTC_f7c77.dir/build
gmake[1]: Entering directory `/export/home/acourt/blackjack_engine/CMakeFiles/CMakeTmp'
Building CXX object CMakeFiles/cmTC_f7c77.dir/feature_tests.cxx.o
/opt/gcc-4.9.2/bin/g++    -std=c++98 -o CMakeFiles/cmTC_f7c77.dir/feature_tests.cxx.o -c /export/home/acourt/blackjack_engine/CMakeFiles/feature_tests.cxx
Linking CXX executable cmTC_f7c77
/export/home/acourt/cmake/cmake-3.8.0-Linux-x86_64/bin/cmake -E cmake_link_script CMakeFiles/cmTC_f7c77.dir/link.txt --verbose=1
/opt/gcc-4.9.2/bin/g++       CMakeFiles/cmTC_f7c77.dir/feature_tests.cxx.o  -o cmTC_f7c77 
gmake[1]: Leaving directory `/export/home/acourt/blackjack_engine/CMakeFiles/CMakeTmp'


    Feature record: CXX_FEATURE:0cxx_aggregate_default_initializers
    Feature record: CXX_FEATURE:0cxx_alias_templates
    Feature record: CXX_FEATURE:0cxx_alignas
    Feature record: CXX_FEATURE:0cxx_alignof
    Feature record: CXX_FEATURE:0cxx_attributes
    Feature record: CXX_FEATURE:0cxx_attribute_deprecated
    Feature record: CXX_FEATURE:0cxx_auto_type
    Feature record: CXX_FEATURE:0cxx_binary_literals
    Feature record: CXX_FEATURE:0cxx_constexpr
    Feature record: CXX_FEATURE:0cxx_contextual_conversions
    Feature record: CXX_FEATURE:0cxx_decltype
    Feature record: CXX_FEATURE:0cxx_decltype_auto
    Feature record: CXX_FEATURE:0cxx_decltype_incomplete_return_types
    Feature record: CXX_FEATURE:0cxx_default_function_template_args
    Feature record: CXX_FEATURE:0cxx_defaulted_functions
    Feature record: CXX_FEATURE:0cxx_defaulted_move_initializers
    Feature record: CXX_FEATURE:0cxx_delegating_constructors
    Feature record: CXX_FEATURE:0cxx_deleted_functions
    Feature record: CXX_FEATURE:0cxx_digit_separators
    Feature record: CXX_FEATURE:0cxx_enum_forward_declarations
    Feature record: CXX_FEATURE:0cxx_explicit_conversions
    Feature record: CXX_FEATURE:0cxx_extended_friend_declarations
    Feature record: CXX_FEATURE:0cxx_extern_templates
    Feature record: CXX_FEATURE:0cxx_final
    Feature record: CXX_FEATURE:0cxx_func_identifier
    Feature record: CXX_FEATURE:0cxx_generalized_initializers
    Feature record: CXX_FEATURE:0cxx_generic_lambdas
    Feature record: CXX_FEATURE:0cxx_inheriting_constructors
    Feature record: CXX_FEATURE:0cxx_inline_namespaces
    Feature record: CXX_FEATURE:0cxx_lambdas
    Feature record: CXX_FEATURE:0cxx_lambda_init_captures
    Feature record: CXX_FEATURE:0cxx_local_type_template_args
    Feature record: CXX_FEATURE:0cxx_long_long_type
    Feature record: CXX_FEATURE:0cxx_noexcept
    Feature record: CXX_FEATURE:0cxx_nonstatic_member_init
    Feature record: CXX_FEATURE:0cxx_nullptr
    Feature record: CXX_FEATURE:0cxx_override
    Feature record: CXX_FEATURE:0cxx_range_for
    Feature record: CXX_FEATURE:0cxx_raw_string_literals
    Feature record: CXX_FEATURE:0cxx_reference_qualified_functions
    Feature record: CXX_FEATURE:0cxx_relaxed_constexpr
    Feature record: CXX_FEATURE:0cxx_return_type_deduction
    Feature record: CXX_FEATURE:0cxx_right_angle_brackets
    Feature record: CXX_FEATURE:0cxx_rvalue_references
    Feature record: CXX_FEATURE:0cxx_sizeof_member
    Feature record: CXX_FEATURE:0cxx_static_assert
    Feature record: CXX_FEATURE:0cxx_strong_enums
    Feature record: CXX_FEATURE:1cxx_template_template_parameters
    Feature record: CXX_FEATURE:0cxx_thread_local
    Feature record: CXX_FEATURE:0cxx_trailing_return_types
    Feature record: CXX_FEATURE:0cxx_unicode_literals
    Feature record: CXX_FEATURE:0cxx_uniform_initialization
    Feature record: CXX_FEATURE:0cxx_unrestricted_unions
    Feature record: CXX_FEATURE:0cxx_user_literals
    Feature record: CXX_FEATURE:0cxx_variable_templates
    Feature record: CXX_FEATURE:0cxx_variadic_macros
    Feature record: CXX_FEATURE:0cxx_variadic_templates
Performing C SOURCE FILE Test OpenMP_FLAG_DETECTED succeeded with the following output:
Change Dir: /export/home/acourt/blackjack_engine/CMakeFiles/CMakeTmp

Run Build Command:"/usr/bin/gmake" "cmTC_b8f52/fast"
/usr/bin/gmake -f CMakeFiles/cmTC_b8f52.dir/build.make CMakeFiles/cmTC_b8f52.dir/build
gmake[1]: Entering directory `/export/home/acourt/blackjack_engine/CMakeFiles/CMakeTmp'
Building C object CMakeFiles/cmTC_b8f52.dir/src.c.o
/opt/gcc-4.9.2/bin/gcc   -DOpenMP_FLAG_DETECTED -fopenmp   -o CMakeFiles/cmTC_b8f52.dir/src.c.o   -c /export/home/acourt/blackjack_engine/CMakeFiles/CMakeTmp/src.c
Linking C executable cmTC_b8f52
/export/home/acourt/cmake/cmake-3.8.0-Linux-x86_64/bin/cmake -E cmake_link_script CMakeFiles/cmTC_b8f52.dir/link.txt --verbose=1
/opt/gcc-4.9.2/bin/gcc  -DOpenMP_FLAG_DETECTED -fopenmp    CMakeFiles/cmTC_b8f52.dir/src.c.o  -o cmTC_b8f52 
gmake[1]: Leaving directory `/export/home/acourt/blackjack_engine/CMakeFiles/CMakeTmp'

Source file was:

#include <omp.h>
int main() {
#ifdef _OPENMP
  return 0;
#else
  breaks_on_purpose
#endif
}

Performing C++ SOURCE FILE Test OpenMP_FLAG_DETECTED succeeded with the following output:
Change Dir: /export/home/acourt/blackjack_engine/CMakeFiles/CMakeTmp

Run Build Command:"/usr/bin/gmake" "cmTC_2bd1f/fast"
/usr/bin/gmake -f CMakeFiles/cmTC_2bd1f.dir/build.make CMakeFiles/cmTC_2bd1f.dir/build
gmake[1]: Entering directory `/export/home/acourt/blackjack_engine/CMakeFiles/CMakeTmp'
Building CXX object CMakeFiles/cmTC_2bd1f.dir/src.cxx.o
/opt/gcc-4.9.2/bin/g++    -DOpenMP_FLAG_DETECTED -fopenmp   -std=gnu++11 -o CMakeFiles/cmTC_2bd1f.dir/src.cxx.o -c /export/home/acourt/blackjack_engine/CMakeFiles/CMakeTmp/src.cxx
Linking CXX executable cmTC_2bd1f
/export/home/acourt/cmake/cmake-3.8.0-Linux-x86_64/bin/cmake -E cmake_link_script CMakeFiles/cmTC_2bd1f.dir/link.txt --verbose=1
/opt/gcc-4.9.2/bin/g++   -DOpenMP_FLAG_DETECTED -fopenmp    CMakeFiles/cmTC_2bd1f.dir/src.cxx.o  -o cmTC_2bd1f 
gmake[1]: Leaving directory `/export/home/acourt/blackjack_engine/CMakeFiles/CMakeTmp'

Source file was:

#include <omp.h>
int main() {
#ifdef _OPENMP
  return 0;
#else
  breaks_on_purpose
#endif
}

